[debug] [2025-01-08T09:57:32.052Z] ----------------------------------------------------------------------
[debug] [2025-01-08T09:57:32.055Z] Command:       C:\Program Files\nodejs\node.exe C:\Users\jason\AppData\Roaming\npm\node_modules\firebase-tools\lib\bin\firebase.js init
[debug] [2025-01-08T09:57:32.055Z] CLI Version:   13.29.1
[debug] [2025-01-08T09:57:32.055Z] Platform:      win32
[debug] [2025-01-08T09:57:32.055Z] Node Version:  v22.11.0
[debug] [2025-01-08T09:57:32.056Z] Time:          Wed Jan 08 2025 16:57:32 GMT+0700 (Western Indonesia Time)
[debug] [2025-01-08T09:57:32.056Z] ----------------------------------------------------------------------
[debug] 
[debug] [2025-01-08T09:57:32.059Z] >>> [apiv2][query] GET https://firebase-public.firebaseio.com/cli.json [none]
[debug] [2025-01-08T09:57:32.104Z] > command requires scopes: ["email","openid","https://www.googleapis.com/auth/cloudplatformprojects.readonly","https://www.googleapis.com/auth/firebase","https://www.googleapis.com/auth/cloud-platform"]
[debug] [2025-01-08T09:57:32.104Z] > authorizing via signed-in user (jasonjahjaa@gmail.com)
[info] 
     ######## #### ########  ######## ########     ###     ######  ########
     ##        ##  ##     ## ##       ##     ##  ##   ##  ##       ##
     ######    ##  ########  ######   ########  #########  ######  ######
     ##        ##  ##    ##  ##       ##     ## ##     ##       ## ##
     ##       #### ##     ## ######## ########  ##     ##  ######  ########

You're about to initialize a Firebase project in this directory:

  C:\Users\jason\Downloads\PyWhiz_App

[debug] [2025-01-08T09:57:32.717Z] <<< [apiv2][status] GET https://firebase-public.firebaseio.com/cli.json 200
[debug] [2025-01-08T09:57:32.717Z] <<< [apiv2][body] GET https://firebase-public.firebaseio.com/cli.json {"cloudBuildErrorAfter":1594252800000,"cloudBuildWarnAfter":1590019200000,"defaultNode10After":1594252800000,"minVersion":"3.0.5","node8DeploysDisabledAfter":1613390400000,"node8RuntimeDisabledAfter":1615809600000,"node8WarnAfter":1600128000000}
